<?xml version="1.0" encoding="UTF-8"?>
<!-- Generated by org.testng.reporters.JUnitXMLReporter -->
<testsuite ignored="0" hostname="Spandana-PC" failures="2" tests="4" name="Test" time="0.166" errors="0" timestamp="21 Dec 2018 13:44:15 GMT">
  <testcase classname="test.practice.Test_Failed_Test" name="test1" time="0.029"/>
  <testcase classname="test.practice.Test_Failed_Test" name="test2" time="0.004">
    <failure type="java.lang.AssertionError" message="expected [true] but found [false]">
      <![CDATA[java.lang.AssertionError: expected [true] but found [false]
at test.practice.Test_Failed_Test.test2(Test_Failed_Test.java:17)
... Removed 29 stack frames]]>
    </failure>
  </testcase> <!-- test2 -->
  <testcase classname="test.practice.Test_Failed_Test" name="test3" time="0.002"/>
  <testcase classname="test.practice.Test_Failed_Test" name="test4" time="0.003">
    <failure type="java.lang.AssertionError" message="expected [true] but found [false]">
      <![CDATA[java.lang.AssertionError: expected [true] but found [false]
at test.practice.Test_Failed_Test.test4(Test_Failed_Test.java:29)
... Removed 29 stack frames]]>
    </failure>
  </testcase> <!-- test4 -->
</testsuite> <!-- Test -->
