<?xml version="1.0" encoding="UTF-8"?>
<testng-results skipped="0" failed="0" ignored="0" total="1" passed="1">
  <reporter-output>
  </reporter-output>
  <suite name="Default suite" duration-ms="39" started-at="2019-02-13T12:00:31Z" finished-at="2019-02-13T12:00:31Z">
    <groups>
    </groups>
    <test name="Default test" duration-ms="39" started-at="2019-02-13T12:00:31Z" finished-at="2019-02-13T12:00:31Z">
      <class name="test.practice.Test2">
        <test-method status="PASS" signature="test1()[pri:0, instance:test.practice.Test2@11438d26]" name="test1" duration-ms="11" started-at="2019-02-13T12:00:31Z" finished-at="2019-02-13T12:00:31Z">
          <reporter-output>
          </reporter-output>
        </test-method> <!-- test1 -->
      </class> <!-- test.practice.Test2 -->
    </test> <!-- Default test -->
  </suite> <!-- Default suite -->
</testng-results>
